# JRE version: OpenJDK Runtime Environment Temurin-17.0.7+7 (17.0.7+7) (build 17.0.7+7)
# Java VM: OpenJDK 64-Bit Server VM Temurin-17.0.7+7 (17.0.7+7, mixed mode, emulated-client, tiered, compressed oops, compressed class ptrs, g1 gc, windows-amd64)
GC Precious Log:
 CPUs: 16 total, 16 available
 Memory: 24527M
 Large Page Support: Disabled
 NUMA Support: Disabled
 Compressed Oops: Enabled (32-bit)
 Heap Region Size: 1M
 Heap Min Capacity: 8M
 Heap Initial Capacity: 384M
 Heap Max Capacity: 1G
 Pre-touch: Disabled
 Parallel Workers: 13
 Concurrent Workers: 3
 Concurrent Refinement Workers: 13
 Periodic GC: Disabled
Heap:
 garbage-first heap   total 270336K, used 80119K [0x00000000c0000000, 0x0000000100000000)
  region size 1024K, 1 young (1024K), 0 survivors (0K)
 Metaspace       used 76553K, committed 77120K, reserved 1179648K
  class space    used 10497K, committed 10752K, reserved 1048576K
GC Heap History (20 events):
Event: 3900.092 GC heap before
{Heap before GC invocations=675 (full 292):
 garbage-first heap   total 270336K, used 80119K [0x00000000c0000000, 0x0000000100000000)
  region size 1024K, 1 young (1024K), 0 survivors (0K)
 Metaspace       used 76553K, committed 77120K, reserved 1179648K
  class space    used 10497K, committed 10752K, reserved 1048576K
}
Event: 3900.136 GC heap after
{Heap after GC invocations=676 (full 293):
 garbage-first heap   total 270336K, used 80119K [0x00000000c0000000, 0x0000000100000000)
  region size 1024K, 0 young (0K), 0 survivors (0K)
 Metaspace       used 76553K, committed 77120K, reserved 1179648K
  class space    used 10497K, committed 10752K, reserved 1048576K
}
Event: 3910.295 GC heap before
{Heap before GC invocations=676 (full 293):
 garbage-first heap   total 270336K, used 80119K [0x00000000c0000000, 0x0000000100000000)
  region size 1024K, 1 young (1024K), 0 survivors (0K)
 Metaspace       used 76553K, committed 77120K, reserved 1179648K
  class space    used 10497K, committed 10752K, reserved 1048576K
}
Event: 3910.338 GC heap after
{Heap after GC invocations=677 (full 294):
 garbage-first heap   total 270336K, used 80119K [0x00000000c0000000, 0x0000000100000000)
  region size 1024K, 0 young (0K), 0 survivors (0K)
 Metaspace       used 76553K, committed 77120K, reserved 1179648K
  class space    used 10497K, committed 10752K, reserved 1048576K
}
Event: 3920.509 GC heap before
{Heap before GC invocations=677 (full 294):
 garbage-first heap   total 270336K, used 80119K [0x00000000c0000000, 0x0000000100000000)
  region size 1024K, 1 young (1024K), 0 survivors (0K)
 Metaspace       used 76553K, committed 77120K, reserved 1179648K
  class space    used 10497K, committed 10752K, reserved 1048576K
}
Event: 3920.552 GC heap after
{Heap after GC invocations=678 (full 295):
 garbage-first heap   total 270336K, used 80119K [0x00000000c0000000, 0x0000000100000000)
  region size 1024K, 0 young (0K), 0 survivors (0K)
 Metaspace       used 76553K, committed 77120K, reserved 1179648K
  class space    used 10497K, committed 10752K, reserved 1048576K
}
Event: 3930.713 GC heap before
{Heap before GC invocations=678 (full 295):
 garbage-first heap   total 270336K, used 80119K [0x00000000c0000000, 0x0000000100000000)
  region size 1024K, 1 young (1024K), 0 survivors (0K)
 Metaspace       used 76553K, committed 77120K, reserved 1179648K
  class space    used 10497K, committed 10752K, reserved 1048576K
}
Event: 3930.758 GC heap after
{Heap after GC invocations=679 (full 296):
 garbage-first heap   total 270336K, used 80119K [0x00000000c0000000, 0x0000000100000000)
  region size 1024K, 0 young (0K), 0 survivors (0K)
 Metaspace       used 76553K, committed 77120K, reserved 1179648K
  class space    used 10497K, committed 10752K, reserved 1048576K
}
Event: 3940.947 GC heap before
{Heap before GC invocations=679 (full 296):
 garbage-first heap   total 270336K, used 80119K [0x00000000c0000000, 0x0000000100000000)
  region size 1024K, 1 young (1024K), 0 survivors (0K)
 Metaspace       used 76553K, committed 77120K, reserved 1179648K
  class space    used 10497K, committed 10752K, reserved 1048576K
}
Event: 3940.997 GC heap after
{Heap after GC invocations=680 (full 297):
 garbage-first heap   total 270336K, used 80119K [0x00000000c0000000, 0x0000000100000000)
  region size 1024K, 0 young (0K), 0 survivors (0K)
 Metaspace       used 76553K, committed 77120K, reserved 1179648K
  class space    used 10497K, committed 10752K, reserved 1048576K
}
Event: 3951.159 GC heap before
{Heap before GC invocations=680 (full 297):
 garbage-first heap   total 270336K, used 80119K [0x00000000c0000000, 0x0000000100000000)
  region size 1024K, 1 young (1024K), 0 survivors (0K)
 Metaspace       used 76553K, committed 77120K, reserved 1179648K
  class space    used 10497K, committed 10752K, reserved 1048576K
}
Event: 3951.202 GC heap after
{Heap after GC invocations=681 (full 298):
 garbage-first heap   total 270336K, used 80119K [0x00000000c0000000, 0x0000000100000000)
  region size 1024K, 0 young (0K), 0 survivors (0K)
 Metaspace       used 76553K, committed 77120K, reserved 1179648K
  class space    used 10497K, committed 10752K, reserved 1048576K
}
Event: 3961.363 GC heap before
{Heap before GC invocations=681 (full 298):
 garbage-first heap   total 270336K, used 80119K [0x00000000c0000000, 0x0000000100000000)
  region size 1024K, 1 young (1024K), 0 survivors (0K)
 Metaspace       used 76553K, committed 77120K, reserved 1179648K
  class space    used 10497K, committed 10752K, reserved 1048576K
}
Event: 3961.410 GC heap after
{Heap after GC invocations=682 (full 299):
 garbage-first heap   total 270336K, used 80119K [0x00000000c0000000, 0x0000000100000000)
  region size 1024K, 0 young (0K), 0 survivors (0K)
 Metaspace       used 76553K, committed 77120K, reserved 1179648K
  class space    used 10497K, committed 10752K, reserved 1048576K
}
Event: 3971.587 GC heap before
{Heap before GC invocations=682 (full 299):
 garbage-first heap   total 270336K, used 80119K [0x00000000c0000000, 0x0000000100000000)
  region size 1024K, 1 young (1024K), 0 survivors (0K)
 Metaspace       used 76553K, committed 77120K, reserved 1179648K
  class space    used 10497K, committed 10752K, reserved 1048576K
}
Event: 3971.632 GC heap after
{Heap after GC invocations=683 (full 300):
 garbage-first heap   total 270336K, used 80119K [0x00000000c0000000, 0x0000000100000000)
  region size 1024K, 0 young (0K), 0 survivors (0K)
 Metaspace       used 76553K, committed 77120K, reserved 1179648K
  class space    used 10497K, committed 10752K, reserved 1048576K
}
Event: 3981.797 GC heap before
{Heap before GC invocations=683 (full 300):
 garbage-first heap   total 270336K, used 80119K [0x00000000c0000000, 0x0000000100000000)
  region size 1024K, 1 young (1024K), 0 survivors (0K)
 Metaspace       used 76553K, committed 77120K, reserved 1179648K
  class space    used 10497K, committed 10752K, reserved 1048576K
}
Event: 3981.842 GC heap after
{Heap after GC invocations=684 (full 301):
 garbage-first heap   total 270336K, used 80119K [0x00000000c0000000, 0x0000000100000000)
  region size 1024K, 0 young (0K), 0 survivors (0K)
 Metaspace       used 76553K, committed 77120K, reserved 1179648K
  class space    used 10497K, committed 10752K, reserved 1048576K
}
Event: 4022.015 GC heap before
{Heap before GC invocations=684 (full 301):
 garbage-first heap   total 270336K, used 80119K [0x00000000c0000000, 0x0000000100000000)
  region size 1024K, 1 young (1024K), 0 survivors (0K)
 Metaspace       used 76553K, committed 77120K, reserved 1179648K
  class space    used 10497K, committed 10752K, reserved 1048576K
}
Event: 4022.072 GC heap after
{Heap after GC invocations=685 (full 302):
 garbage-first heap   total 270336K, used 80119K [0x00000000c0000000, 0x0000000100000000)
  region size 1024K, 0 young (0K), 0 survivors (0K)
 Metaspace       used 76553K, committed 77120K, reserved 1179648K
  class space    used 10497K, committed 10752K, reserved 1048576K
}

