# JRE version: OpenJDK Runtime Environment Temurin-17.0.7+7 (17.0.7+7) (build 17.0.7+7)
# Java VM: OpenJDK 64-Bit Server VM Temurin-17.0.7+7 (17.0.7+7, mixed mode, emulated-client, tiered, compressed oops, compressed class ptrs, g1 gc, windows-amd64)
GC Precious Log:
 CPUs: 16 total, 16 available
 Memory: 24527M
 Large Page Support: Disabled
 NUMA Support: Disabled
 Compressed Oops: Enabled (32-bit)
 Heap Region Size: 1M
 Heap Min Capacity: 8M
 Heap Initial Capacity: 384M
 Heap Max Capacity: 1G
 Pre-touch: Disabled
 Parallel Workers: 13
 Concurrent Workers: 3
 Concurrent Refinement Workers: 13
 Periodic GC: Disabled
Heap:
 garbage-first heap   total 270336K, used 79831K [0x00000000c0000000, 0x0000000100000000)
  region size 1024K, 1 young (1024K), 0 survivors (0K)
 Metaspace       used 75105K, committed 76032K, reserved 1114112K
  class space    used 10271K, committed 10624K, reserved 1048576K
GC Heap History (20 events):
Event: 1535.056 GC heap before
{Heap before GC invocations=203 (full 133):
 garbage-first heap   total 270336K, used 79831K [0x00000000c0000000, 0x0000000100000000)
  region size 1024K, 1 young (1024K), 0 survivors (0K)
 Metaspace       used 75105K, committed 76032K, reserved 1114112K
  class space    used 10271K, committed 10624K, reserved 1048576K
}
Event: 1535.117 GC heap after
{Heap after GC invocations=204 (full 134):
 garbage-first heap   total 270336K, used 79831K [0x00000000c0000000, 0x0000000100000000)
  region size 1024K, 0 young (0K), 0 survivors (0K)
 Metaspace       used 75105K, committed 76032K, reserved 1114112K
  class space    used 10271K, committed 10624K, reserved 1048576K
}
Event: 1545.270 GC heap before
{Heap before GC invocations=204 (full 134):
 garbage-first heap   total 270336K, used 79831K [0x00000000c0000000, 0x0000000100000000)
  region size 1024K, 1 young (1024K), 0 survivors (0K)
 Metaspace       used 75105K, committed 76032K, reserved 1114112K
  class space    used 10271K, committed 10624K, reserved 1048576K
}
Event: 1545.335 GC heap after
{Heap after GC invocations=205 (full 135):
 garbage-first heap   total 270336K, used 79831K [0x00000000c0000000, 0x0000000100000000)
  region size 1024K, 0 young (0K), 0 survivors (0K)
 Metaspace       used 75105K, committed 76032K, reserved 1114112K
  class space    used 10271K, committed 10624K, reserved 1048576K
}
Event: 1555.507 GC heap before
{Heap before GC invocations=205 (full 135):
 garbage-first heap   total 270336K, used 79831K [0x00000000c0000000, 0x0000000100000000)
  region size 1024K, 1 young (1024K), 0 survivors (0K)
 Metaspace       used 75105K, committed 76032K, reserved 1114112K
  class space    used 10271K, committed 10624K, reserved 1048576K
}
Event: 1555.558 GC heap after
{Heap after GC invocations=206 (full 136):
 garbage-first heap   total 270336K, used 79831K [0x00000000c0000000, 0x0000000100000000)
  region size 1024K, 0 young (0K), 0 survivors (0K)
 Metaspace       used 75105K, committed 76032K, reserved 1114112K
  class space    used 10271K, committed 10624K, reserved 1048576K
}
Event: 1565.708 GC heap before
{Heap before GC invocations=206 (full 136):
 garbage-first heap   total 270336K, used 79831K [0x00000000c0000000, 0x0000000100000000)
  region size 1024K, 1 young (1024K), 0 survivors (0K)
 Metaspace       used 75105K, committed 76032K, reserved 1114112K
  class space    used 10271K, committed 10624K, reserved 1048576K
}
Event: 1565.753 GC heap after
{Heap after GC invocations=207 (full 137):
 garbage-first heap   total 270336K, used 79831K [0x00000000c0000000, 0x0000000100000000)
  region size 1024K, 0 young (0K), 0 survivors (0K)
 Metaspace       used 75105K, committed 76032K, reserved 1114112K
  class space    used 10271K, committed 10624K, reserved 1048576K
}
Event: 1575.940 GC heap before
{Heap before GC invocations=207 (full 137):
 garbage-first heap   total 270336K, used 79831K [0x00000000c0000000, 0x0000000100000000)
  region size 1024K, 1 young (1024K), 0 survivors (0K)
 Metaspace       used 75105K, committed 76032K, reserved 1114112K
  class space    used 10271K, committed 10624K, reserved 1048576K
}
Event: 1575.989 GC heap after
{Heap after GC invocations=208 (full 138):
 garbage-first heap   total 270336K, used 79831K [0x00000000c0000000, 0x0000000100000000)
  region size 1024K, 0 young (0K), 0 survivors (0K)
 Metaspace       used 75105K, committed 76032K, reserved 1114112K
  class space    used 10271K, committed 10624K, reserved 1048576K
}
Event: 1586.152 GC heap before
{Heap before GC invocations=208 (full 138):
 garbage-first heap   total 270336K, used 79831K [0x00000000c0000000, 0x0000000100000000)
  region size 1024K, 1 young (1024K), 0 survivors (0K)
 Metaspace       used 75105K, committed 76032K, reserved 1114112K
  class space    used 10271K, committed 10624K, reserved 1048576K
}
Event: 1586.194 GC heap after
{Heap after GC invocations=209 (full 139):
 garbage-first heap   total 270336K, used 79831K [0x00000000c0000000, 0x0000000100000000)
  region size 1024K, 0 young (0K), 0 survivors (0K)
 Metaspace       used 75105K, committed 76032K, reserved 1114112K
  class space    used 10271K, committed 10624K, reserved 1048576K
}
Event: 1596.344 GC heap before
{Heap before GC invocations=209 (full 139):
 garbage-first heap   total 270336K, used 79831K [0x00000000c0000000, 0x0000000100000000)
  region size 1024K, 1 young (1024K), 0 survivors (0K)
 Metaspace       used 75105K, committed 76032K, reserved 1114112K
  class space    used 10271K, committed 10624K, reserved 1048576K
}
Event: 1596.386 GC heap after
{Heap after GC invocations=210 (full 140):
 garbage-first heap   total 270336K, used 79831K [0x00000000c0000000, 0x0000000100000000)
  region size 1024K, 0 young (0K), 0 survivors (0K)
 Metaspace       used 75105K, committed 76032K, reserved 1114112K
  class space    used 10271K, committed 10624K, reserved 1048576K
}
Event: 1606.544 GC heap before
{Heap before GC invocations=210 (full 140):
 garbage-first heap   total 270336K, used 79831K [0x00000000c0000000, 0x0000000100000000)
  region size 1024K, 1 young (1024K), 0 survivors (0K)
 Metaspace       used 75105K, committed 76032K, reserved 1114112K
  class space    used 10271K, committed 10624K, reserved 1048576K
}
Event: 1606.586 GC heap after
{Heap after GC invocations=211 (full 141):
 garbage-first heap   total 270336K, used 79831K [0x00000000c0000000, 0x0000000100000000)
  region size 1024K, 0 young (0K), 0 survivors (0K)
 Metaspace       used 75105K, committed 76032K, reserved 1114112K
  class space    used 10271K, committed 10624K, reserved 1048576K
}
Event: 1616.754 GC heap before
{Heap before GC invocations=211 (full 141):
 garbage-first heap   total 270336K, used 79831K [0x00000000c0000000, 0x0000000100000000)
  region size 1024K, 1 young (1024K), 0 survivors (0K)
 Metaspace       used 75105K, committed 76032K, reserved 1114112K
  class space    used 10271K, committed 10624K, reserved 1048576K
}
Event: 1616.798 GC heap after
{Heap after GC invocations=212 (full 142):
 garbage-first heap   total 270336K, used 79831K [0x00000000c0000000, 0x0000000100000000)
  region size 1024K, 0 young (0K), 0 survivors (0K)
 Metaspace       used 75105K, committed 76032K, reserved 1114112K
  class space    used 10271K, committed 10624K, reserved 1048576K
}
Event: 1627.009 GC heap before
{Heap before GC invocations=212 (full 142):
 garbage-first heap   total 270336K, used 79831K [0x00000000c0000000, 0x0000000100000000)
  region size 1024K, 1 young (1024K), 0 survivors (0K)
 Metaspace       used 75105K, committed 76032K, reserved 1114112K
  class space    used 10271K, committed 10624K, reserved 1048576K
}
Event: 1627.062 GC heap after
{Heap after GC invocations=213 (full 143):
 garbage-first heap   total 270336K, used 79831K [0x00000000c0000000, 0x0000000100000000)
  region size 1024K, 0 young (0K), 0 survivors (0K)
 Metaspace       used 75105K, committed 76032K, reserved 1114112K
  class space    used 10271K, committed 10624K, reserved 1048576K
}

